<?xml version="1.0" encoding="UTF-8"?>
<testsuite name="me.geetprince.SpringBootGradleApp.SpringBootGradleAppApplicationTests" tests="1" skipped="0" failures="0" errors="0" timestamp="2026-04-10T16:34:17.980Z" hostname="GEET" time="8.845">
  <properties/>
  <testcase name="contextLoads()" classname="me.geetprince.SpringBootGradleApp.SpringBootGradleAppApplicationTests" time="2.146"/>
  <system-out><![CDATA[09:34:18.360 [Test worker] INFO org.springframework.test.context.support.AnnotationConfigContextLoaderUtils -- Could not detect default configuration classes for test class [me.geetprince.SpringBootGradleApp.SpringBootGradleAppApplicationTests]: SpringBootGradleAppApplicationTests does not declare any static, non-private, non-final, nested classes annotated with @Configuration.
09:34:18.579 [Test worker] INFO org.springframework.boot.test.context.SpringBootTestContextBootstrapper -- Found @SpringBootConfiguration me.geetprince.SpringBootGradleApp.SpringBootGradleAppApplication for test class me.geetprince.SpringBootGradleApp.SpringBootGradleAppApplicationTests
09:34:18.737 [Test worker] INFO org.springframework.test.context.support.AnnotationConfigContextLoaderUtils -- Could not detect default configuration classes for test class [me.geetprince.SpringBootGradleApp.SpringBootGradleAppApplicationTests]: SpringBootGradleAppApplicationTests does not declare any static, non-private, non-final, nested classes annotated with @Configuration.
09:34:18.741 [Test worker] INFO org.springframework.boot.test.context.SpringBootTestContextBootstrapper -- Found @SpringBootConfiguration me.geetprince.SpringBootGradleApp.SpringBootGradleAppApplication for test class me.geetprince.SpringBootGradleApp.SpringBootGradleAppApplicationTests

  .   ____          _            __ _ _
 /\\ / ___'_ __ _ _(_)_ __  __ _ \ \ \ \
( ( )\___ | '_ | '_| | '_ \/ _` | \ \ \ \
 \\/  ___)| |_)| | | | | || (_| |  ) ) ) )
  '  |____| .__|_| |_|_| |_\__, | / / / /
 =========|_|==============|___/=/_/_/_/

 :: Spring Boot ::                (v4.0.5)

2026-04-10T09:34:19.676-07:00  INFO 7828 --- [SpringBootGradleApp] [    Test worker] .g.S.SpringBootGradleAppApplicationTests : Starting SpringBootGradleAppApplicationTests using Java 21.0.9 with PID 7828 (started by princ in D:\Telusko\Gradle\SpringBootGradleApp)
2026-04-10T09:34:19.681-07:00  INFO 7828 --- [SpringBootGradleApp] [    Test worker] .g.S.SpringBootGradleAppApplicationTests : No active profile set, falling back to 1 default profile: "default"
2026-04-10T09:34:24.489-07:00  INFO 7828 --- [SpringBootGradleApp] [    Test worker] .g.S.SpringBootGradleAppApplicationTests : Started SpringBootGradleAppApplicationTests in 5.549 seconds (process running for 8.41)
]]></system-out>
  <system-err><![CDATA[Mockito is currently self-attaching to enable the inline-mock-maker. This will no longer work in future releases of the JDK. Please add Mockito as an agent to your build as described in Mockito's documentation: https://javadoc.io/doc/org.mockito/mockito-core/latest/org.mockito/org/mockito/Mockito.html#0.3
WARNING: A Java agent has been loaded dynamically (C:\Users\princ\.gradle\caches\modules-2\files-2.1\net.bytebuddy\byte-buddy-agent\1.17.8\f09415827a71be7ed621c7bd02550678f28bc81c\byte-buddy-agent-1.17.8.jar)
WARNING: If a serviceability tool is in use, please run with -XX:+EnableDynamicAgentLoading to hide this warning
WARNING: If a serviceability tool is not in use, please run with -Djdk.instrument.traceUsage for more information
WARNING: Dynamic loading of agents will be disallowed by default in a future release
]]></system-err>
</testsuite>
